<?xml version="1.0" encoding="UTF-8" ?>
<testsuite tests="0" failures="0" name="MybatisPlusTest" time="0" errors="0" skipped="0">
  <properties>
    <property name="idea.version" value="2020.3"/>
    <property name="java.runtime.name" value="OpenJDK Runtime Environment"/>
    <property name="sun.boot.library.path" value="D:\JDK\jre\bin"/>
    <property name="java.vm.version" value="25.275-b01"/>
    <property name="user.country.format" value="US"/>
    <property name="java.vm.vendor" value="AdoptOpenJDK"/>
    <property name="maven.multiModuleProjectDirectory" value="D:\JavaProjects\demo5_SSM"/>
    <property name="java.vendor.url" value="https://adoptopenjdk.net/"/>
    <property name="path.separator" value=";"/>
    <property name="guice.disable.misplaced.annotation.check" value="true"/>
    <property name="java.vm.name" value="OpenJDK 64-Bit Server VM"/>
    <property name="file.encoding.pkg" value="sun.io"/>
    <property name="user.script" value=""/>
    <property name="user.country" value="CN"/>
    <property name="sun.java.launcher" value="SUN_STANDARD"/>
    <property name="sun.os.patch.level" value=""/>
    <property name="java.vm.specification.name" value="Java Virtual Machine Specification"/>
    <property name="user.dir" value="D:\JavaProjects\demo5_SSM"/>
    <property name="java.runtime.version" value="1.8.0_275-b01"/>
    <property name="java.awt.graphicsenv" value="sun.awt.Win32GraphicsEnvironment"/>
    <property name="java.endorsed.dirs" value="D:\JDK\jre\lib\endorsed"/>
    <property name="os.arch" value="amd64"/>
    <property name="java.io.tmpdir" value="C:\Users\ADMINI~1\AppData\Local\Temp\"/>
    <property name="line.separator" value="
"/>
    <property name="java.vm.specification.vendor" value="Oracle Corporation"/>
    <property name="user.variant" value=""/>
    <property name="os.name" value="Windows 10"/>
    <property name="maven.ext.class.path" value="E:\IntrlliJ IDEA\IntelliJ IDEA 2020.3\plugins\maven\lib\maven-event-listener.jar"/>
    <property name="classworlds.conf" value="E:\IntrlliJ IDEA\IntelliJ IDEA 2020.3\plugins\maven\lib\maven3\bin\m2.conf"/>
    <property name="sun.jnu.encoding" value="GBK"/>
    <property name="java.library.path" value="D:\JDK\bin;C:\Windows\Sun\Java\bin;C:\Windows\system32;C:\Windows;D:\Xshell6\;C:\Windows\system32;C:\Windows;C:\Windows\System32\Wbem;C:\Windows\System32\WindowsPowerShell\v1.0\;C:\Windows\System32\OpenSSH\;E:\QuickTime\QTSystem\;E:\Git\cmd;C:\Program Files\nodejs\;D:\Maven\apache-maven-3.6.3\bin;D:\JDK\bin;C:\Program Files\dotnet\;E:\Xmanager7\;C:\Program Files (x86)\AMD\ATI.ACE\Core-Static;E:\Python3.9.2\Scripts\;E:\Python3.9.2\;C:\Users\Administrator\AppData\Local\Microsoft\WindowsApps;E:\Microsoft VS Code\bin;C:\Users\Administrator\AppData\Local\google\Chrome\Application;C:\Users\Administrator\AppData\Roaming\npm;E:\IntrlliJ IDEA\IntelliJ IDEA 2020.3\bin;;C:\Users\Administrator\.dotnet\tools;."/>
    <property name="maven.conf" value="E:\IntrlliJ IDEA\IntelliJ IDEA 2020.3\plugins\maven\lib\maven3/conf"/>
    <property name="java.specification.name" value="Java Platform API Specification"/>
    <property name="java.class.version" value="52.0"/>
    <property name="sun.management.compiler" value="HotSpot 64-Bit Tiered Compilers"/>
    <property name="os.version" value="10.0"/>
    <property name="user.home" value="C:\Users\Administrator"/>
    <property name="user.timezone" value="Asia/Shanghai"/>
    <property name="java.awt.printerjob" value="sun.awt.windows.WPrinterJob"/>
    <property name="java.specification.version" value="1.8"/>
    <property name="file.encoding" value="UTF-8"/>
    <property name="user.name" value="Administrator"/>
    <property name="java.class.path" value="E:\IntrlliJ IDEA\IntelliJ IDEA 2020.3\plugins\maven\lib\maven3\boot\plexus-classworlds-2.6.0.jar;E:\IntrlliJ IDEA\IntelliJ IDEA 2020.3\plugins\maven\lib\maven3\boot\plexus-classworlds.license;E:\IntrlliJ IDEA\IntelliJ IDEA 2020.3\lib\idea_rt.jar"/>
    <property name="java.vm.specification.version" value="1.8"/>
    <property name="sun.arch.data.model" value="64"/>
    <property name="java.home" value="D:\JDK\jre"/>
    <property name="sun.java.command" value="org.codehaus.classworlds.Launcher -Didea.version=2020.3 -s D:\Maven\repo\settings.xml package"/>
    <property name="java.specification.vendor" value="Oracle Corporation"/>
    <property name="user.language" value="zh"/>
    <property name="user.language.format" value="en"/>
    <property name="awt.toolkit" value="sun.awt.windows.WToolkit"/>
    <property name="java.vm.info" value="mixed mode"/>
    <property name="java.version" value="1.8.0_275"/>
    <property name="java.ext.dirs" value="D:\JDK\jre\lib\ext;C:\Windows\Sun\Java\lib\ext"/>
    <property name="sun.boot.class.path" value="D:\JDK\jre\lib\resources.jar;D:\JDK\jre\lib\rt.jar;D:\JDK\jre\lib\sunrsasign.jar;D:\JDK\jre\lib\jsse.jar;D:\JDK\jre\lib\jce.jar;D:\JDK\jre\lib\charsets.jar;D:\JDK\jre\lib\jfr.jar;D:\JDK\jre\classes"/>
    <property name="java.vendor" value="AdoptOpenJDK"/>
    <property name="maven.home" value="E:\IntrlliJ IDEA\IntelliJ IDEA 2020.3\plugins\maven\lib\maven3"/>
    <property name="file.separator" value="\"/>
    <property name="java.vendor.url.bug" value="https://github.com/AdoptOpenJDK/openjdk-support/issues"/>
    <property name="sun.cpu.endian" value="little"/>
    <property name="sun.io.unicode.encoding" value="UnicodeLittle"/>
    <property name="sun.desktop" value="windows"/>
    <property name="sun.cpu.isalist" value="amd64"/>
  </properties>
</testsuite>